<?xml version="1.0" encoding="UTF-8"?>
<coverage generated="1526064904035" clover="3.2.0">
  <project timestamp="1526064904035" name="All files">
    <metrics statements="17" coveredstatements="12" conditionals="4" coveredconditionals="2" methods="10" coveredmethods="7" elements="31" coveredelements="21" complexity="0" loc="17" ncloc="17" packages="1" files="2" classes="2">
      <file name="state-functions.js" path="C:\Users\Shehbaz\code\testing-react-with-jest\app\state-functions.js">
        <metrics statements="9" coveredstatements="7" conditionals="2" coveredconditionals="1" methods="5" coveredmethods="4"/>
        <line num="4" count="1" type="stmt"/>
        <line num="5" count="1" type="cond" truecount="1" falsecount="1"/>
        <line num="6" count="1" type="stmt"/>
        <line num="9" count="1" type="stmt"/>
        <line num="12" count="1" type="stmt"/>
        <line num="16" count="0" type="stmt"/>
        <line num="21" count="0" type="stmt"/>
        <line num="27" count="1" type="stmt"/>
        <line num="28" count="1" type="stmt"/>
      </file>
      <file name="todo.js" path="C:\Users\Shehbaz\code\testing-react-with-jest\app\todo.js">
        <metrics statements="8" coveredstatements="5" conditionals="2" coveredconditionals="1" methods="5" coveredmethods="3"/>
        <line num="5" count="1" type="stmt"/>
        <line num="9" count="0" type="stmt"/>
        <line num="10" count="0" type="stmt"/>
        <line num="14" count="2" type="stmt"/>
        <line num="16" count="2" type="cond" truecount="1" falsecount="1"/>
        <line num="18" count="2" type="stmt"/>
        <line num="20" count="1" type="stmt"/>
        <line num="21" count="0" type="stmt"/>
      </file>
    </metrics>
  </project>
</coverage>
