{"C:\\Users\\Shehbaz\\code\\testing-react-with-jest\\app\\state-functions.js": {"path":"C:\\Users\\Shehbaz\\code\\testing-react-with-jest\\app\\state-functions.js","statementMap":{"0":{"start":{"line":4,"column":16},"end":{"line":10,"column":4}},"1":{"start":{"line":5,"column":4},"end":{"line":7,"column":5}},"2":{"start":{"line":6,"column":6},"end":{"line":6,"column":29}},"3":{"start":{"line":9,"column":4},"end":{"line":9,"column":16}},"4":{"start":{"line":12,"column":2},"end":{"line":12,"column":19}},"5":{"start":{"line":16,"column":18},"end":{"line":19,"column":4}},"6":{"start":{"line":21,"column":2},"end":{"line":23,"column":4}},"7":{"start":{"line":27,"column":2},"end":{"line":29,"column":4}},"8":{"start":{"line":28,"column":40},"end":{"line":28,"column":54}}},"fnMap":{"0":{"name":"toggleDone","decl":{"start":{"line":3,"column":16},"end":{"line":3,"column":26}},"loc":{"start":{"line":3,"column":38},"end":{"line":13,"column":1}},"line":3},"1":{"name":"(anonymous_1)","decl":{"start":{"line":4,"column":32},"end":{"line":4,"column":33}},"loc":{"start":{"line":4,"column":42},"end":{"line":10,"column":3}},"line":4},"2":{"name":"addTodo","decl":{"start":{"line":15,"column":16},"end":{"line":15,"column":23}},"loc":{"start":{"line":15,"column":37},"end":{"line":24,"column":1}},"line":15},"3":{"name":"deleteTodo","decl":{"start":{"line":26,"column":16},"end":{"line":26,"column":26}},"loc":{"start":{"line":26,"column":38},"end":{"line":30,"column":1}},"line":26},"4":{"name":"(anonymous_4)","decl":{"start":{"line":28,"column":30},"end":{"line":28,"column":31}},"loc":{"start":{"line":28,"column":40},"end":{"line":28,"column":54}},"line":28}},"branchMap":{"0":{"loc":{"start":{"line":5,"column":4},"end":{"line":7,"column":5}},"type":"if","locations":[{"start":{"line":5,"column":4},"end":{"line":7,"column":5}},{"start":{"line":5,"column":4},"end":{"line":7,"column":5}}],"line":5}},"s":{"0":1,"1":1,"2":1,"3":1,"4":1,"5":0,"6":0,"7":1,"8":1},"f":{"0":1,"1":1,"2":0,"3":1,"4":1},"b":{"0":[1,0]},"_coverageSchema":"332fd63041d2c1bcb487cc26dd0d5f7d97098a6c","hash":"1c089fc24881badca2dec25533887bc3c71aa4be"}
,"C:\\Users\\Shehbaz\\code\\testing-react-with-jest\\app\\todo.js": {"path":"C:\\Users\\Shehbaz\\code\\testing-react-with-jest\\app\\todo.js","statementMap":{"0":{"start":{"line":5,"column":4},"end":{"line":5,"column":46}},"1":{"start":{"line":9,"column":4},"end":{"line":9,"column":23}},"2":{"start":{"line":10,"column":4},"end":{"line":10,"column":46}},"3":{"start":{"line":14,"column":21},"end":{"line":14,"column":31}},"4":{"start":{"line":16,"column":22},"end":{"line":16,"column":50}},"5":{"start":{"line":18,"column":4},"end":{"line":23,"column":5}},"6":{"start":{"line":20,"column":50},"end":{"line":20,"column":67}},"7":{"start":{"line":21,"column":60},"end":{"line":21,"column":78}}},"fnMap":{"0":{"name":"(anonymous_0)","decl":{"start":{"line":4,"column":2},"end":{"line":4,"column":3}},"loc":{"start":{"line":4,"column":15},"end":{"line":6,"column":3}},"line":4},"1":{"name":"(anonymous_1)","decl":{"start":{"line":8,"column":2},"end":{"line":8,"column":3}},"loc":{"start":{"line":8,"column":16},"end":{"line":11,"column":3}},"line":8},"2":{"name":"(anonymous_2)","decl":{"start":{"line":13,"column":2},"end":{"line":13,"column":3}},"loc":{"start":{"line":13,"column":11},"end":{"line":24,"column":3}},"line":13},"3":{"name":"(anonymous_3)","decl":{"start":{"line":20,"column":44},"end":{"line":20,"column":45}},"loc":{"start":{"line":20,"column":50},"end":{"line":20,"column":67}},"line":20},"4":{"name":"(anonymous_4)","decl":{"start":{"line":21,"column":53},"end":{"line":21,"column":54}},"loc":{"start":{"line":21,"column":60},"end":{"line":21,"column":78}},"line":21}},"branchMap":{"0":{"loc":{"start":{"line":16,"column":22},"end":{"line":16,"column":50}},"type":"cond-expr","locations":[{"start":{"line":16,"column":34},"end":{"line":16,"column":45}},{"start":{"line":16,"column":48},"end":{"line":16,"column":50}}],"line":16}},"s":{"0":1,"1":0,"2":0,"3":2,"4":2,"5":2,"6":1,"7":0},"f":{"0":1,"1":0,"2":2,"3":1,"4":0},"b":{"0":[0,2]},"_coverageSchema":"332fd63041d2c1bcb487cc26dd0d5f7d97098a6c","hash":"d5a6bc526cc91b0574ab94355a8e80b28c880eb7"}
}
