TN:
SF:C:\Users\Shehbaz\code\testing-react-with-jest\app\state-functions.js
FN:3,toggleDone
FN:4,(anonymous_1)
FN:15,addTodo
FN:26,deleteTodo
FN:28,(anonymous_4)
FNF:5
FNH:4
FNDA:1,toggleDone
FNDA:1,(anonymous_1)
FNDA:0,addTodo
FNDA:1,deleteTodo
FNDA:1,(anonymous_4)
DA:4,1
DA:5,1
DA:6,1
DA:9,1
DA:12,1
DA:16,0
DA:21,0
DA:27,1
DA:28,1
LF:9
LH:7
BRDA:5,0,0,1
BRDA:5,0,1,0
BRF:2
BRH:1
end_of_record
TN:
SF:C:\Users\Shehbaz\code\testing-react-with-jest\app\todo.js
FN:4,(anonymous_0)
FN:8,(anonymous_1)
FN:13,(anonymous_2)
FN:20,(anonymous_3)
FN:21,(anonymous_4)
FNF:5
FNH:3
FNDA:1,(anonymous_0)
FNDA:0,(anonymous_1)
FNDA:2,(anonymous_2)
FNDA:1,(anonymous_3)
FNDA:0,(anonymous_4)
DA:5,1
DA:9,0
DA:10,0
DA:14,2
DA:16,2
DA:18,2
DA:20,1
DA:21,0
LF:8
LH:5
BRDA:16,0,0,0
BRDA:16,0,1,2
BRF:2
BRH:1
end_of_record
